<?xml version='1.0'?>
<ns2:test-suite xmlns:ns2='urn:model.allure.qatools.yandex.ru' start='1669806690876' stop='1669806704177'>
    <name>Bootcamp E2E: Search bar</name>
    <title>Bootcamp E2E: Search bar</title>
    <test-cases>
        <test-case start='1669806690879' status='passed' stop='1669806690884'>
            <name></name>
            <title></title>
            <labels>
                <label name='language' value='javascript'/>
                <label name='framework' value='wdio'/>
                <label name='thread' value='0-0'/>
            </labels>
            <parameters>
                <parameter kind='argument' name='browser' value='chrome-107.0.5304.122'/>
            </parameters>
            <steps/>
            <attachments/>
        </test-case>
        <test-case start='1669806690885' status='passed' stop='1669806704154'>
            <name>Given Open the home page</name>
            <title>Given Open the home page</title>
            <labels>
                <label name='language' value='javascript'/>
                <label name='framework' value='wdio'/>
                <label name='thread' value='0-0'/>
            </labels>
            <parameters>
                <parameter kind='argument' name='browser' value='chrome-107.0.5304.122'/>
            </parameters>
            <steps>
                <step start='1669806690897' status='passed' stop='1669806704148'>
                    <name>POST /session/:sessionId/url</name>
                    <title>POST /session/:sessionId/url</title>
                    <attachments>
                        <attachment title='Request' source='d384f4e6-ff9f-4424-993f-18f1384c5baf-attachment.json' type='application/json' size='38'/>
                    </attachments>
                    <steps/>
                </step>
            </steps>
            <attachments/>
        </test-case>
        <test-case start='1669806704155' status='broken' stop='1669806704158'>
            <name>When Promo banner appears</name>
            <title>When Promo banner appears</title>
            <labels>
                <label name='language' value='javascript'/>
                <label name='framework' value='wdio'/>
                <label name='thread' value='0-0'/>
            </labels>
            <parameters>
                <parameter kind='argument' name='browser' value='chrome-107.0.5304.122'/>
            </parameters>
            <steps/>
            <attachments/>
            <failure>
                <message>Step "Promo banner appears" is not defined. You can ignore this error by setting cucumberOpts.ignoreUndefinedDefinitions as true.</message>
                <stack-trace>Step "Promo banner appears" is not defined. You can ignore this error by setting cucumberOpts.ignoreUndefinedDefinitions as true.
                	at Feature(C:\Users\Użytkownik\Desktop\gitLesson\TA-Bootcamp-E2E\features\bootcamp.feature):1:1
                	at Scenario(Search bar):8:5
                </stack-trace>
            </failure>
        </test-case>
        <test-case start='1669806704159' status='pending' stop='1669806704160'>
            <name>Then Close the promo banner</name>
            <title>Then Close the promo banner</title>
            <labels>
                <label name='language' value='javascript'/>
                <label name='framework' value='wdio'/>
                <label name='thread' value='0-0'/>
            </labels>
            <parameters>
                <parameter kind='argument' name='browser' value='chrome-107.0.5304.122'/>
            </parameters>
            <steps/>
            <attachments/>
        </test-case>
        <test-case start='1669806704162' status='broken' stop='1669806704163'>
            <name>When Enter the word "Windows" in the search bar</name>
            <title>When Enter the word "Windows" in the search bar</title>
            <labels>
                <label name='language' value='javascript'/>
                <label name='framework' value='wdio'/>
                <label name='thread' value='0-0'/>
            </labels>
            <parameters>
                <parameter kind='argument' name='browser' value='chrome-107.0.5304.122'/>
            </parameters>
            <steps/>
            <attachments/>
            <failure>
                <message>Step "Enter the word "Windows" in the search bar" is not defined. You can ignore this error by setting cucumberOpts.ignoreUndefinedDefinitions as true.</message>
                <stack-trace>Step "Enter the word "Windows" in the search bar" is not defined. You can ignore this error by setting cucumberOpts.ignoreUndefinedDefinitions as true.
                	at Feature(C:\Users\Użytkownik\Desktop\gitLesson\TA-Bootcamp-E2E\features\bootcamp.feature):1:1
                	at Scenario(Search bar):8:5
                	at Step(Enter the word "Windows" in the search bar):9:9
                </stack-trace>
            </failure>
        </test-case>
        <test-case start='1669806704164' status='broken' stop='1669806704166'>
            <name>* Click the search</name>
            <title>* Click the search</title>
            <labels>
                <label name='language' value='javascript'/>
                <label name='framework' value='wdio'/>
                <label name='thread' value='0-0'/>
            </labels>
            <parameters>
                <parameter kind='argument' name='browser' value='chrome-107.0.5304.122'/>
            </parameters>
            <steps/>
            <attachments/>
            <failure>
                <message>Step "Click the search" is not defined. You can ignore this error by setting cucumberOpts.ignoreUndefinedDefinitions as true.</message>
                <stack-trace>Step "Click the search" is not defined. You can ignore this error by setting cucumberOpts.ignoreUndefinedDefinitions as true.
                	at Feature(C:\Users\Użytkownik\Desktop\gitLesson\TA-Bootcamp-E2E\features\bootcamp.feature):1:1
                	at Scenario(Search bar):8:5
                	at Step(Click the search):10:9
                </stack-trace>
            </failure>
        </test-case>
        <test-case start='1669806704166' status='broken' stop='1669806704168'>
            <name>Then I see at least one item</name>
            <title>Then I see at least one item</title>
            <labels>
                <label name='language' value='javascript'/>
                <label name='framework' value='wdio'/>
                <label name='thread' value='0-0'/>
            </labels>
            <parameters>
                <parameter kind='argument' name='browser' value='chrome-107.0.5304.122'/>
            </parameters>
            <steps/>
            <attachments/>
            <failure>
                <message>Step "I see at least one item" is not defined. You can ignore this error by setting cucumberOpts.ignoreUndefinedDefinitions as true.</message>
                <stack-trace>Step "I see at least one item" is not defined. You can ignore this error by setting cucumberOpts.ignoreUndefinedDefinitions as true.
                	at Feature(C:\Users\Użytkownik\Desktop\gitLesson\TA-Bootcamp-E2E\features\bootcamp.feature):1:1
                	at Scenario(Search bar):8:5
                	at Step(I see at least one item):11:9
                </stack-trace>
            </failure>
        </test-case>
        <test-case start='1669806704168' status='passed' stop='1669806704170'>
            <name></name>
            <title></title>
            <labels>
                <label name='language' value='javascript'/>
                <label name='framework' value='wdio'/>
                <label name='thread' value='0-0'/>
            </labels>
            <parameters>
                <parameter kind='argument' name='browser' value='chrome-107.0.5304.122'/>
            </parameters>
            <steps/>
            <attachments/>
        </test-case>
    </test-cases>
</ns2:test-suite>